<?xml version="1.0" encoding="UTF-8"?>
<!-- Generated by org.testng.reporters.JUnitReportReporter -->
<testsuite name="FirstMaven.secondClass" tests="5" time="0.013" ignored="0" failures="0" timestamp="26 Aug 2017 02:44:04 GMT" skipped="0" hostname="Harsh-PC" errors="0">
  <testcase name="helloworld12" time="0.002" classname="FirstMaven.secondClass"/>
  <testcase name="helloworld13" time="0.003" classname="FirstMaven.secondClass"/>
  <testcase name="helloworld11" time="0.002" classname="FirstMaven.secondClass"/>
  <testcase name="helloworld14" time="0.004" classname="FirstMaven.secondClass"/>
  <testcase name="helloworld15" time="0.002" classname="FirstMaven.secondClass"/>
</testsuite> <!-- FirstMaven.secondClass -->
