<?xml version="1.0" encoding="UTF-8"?>
<!-- Generated by org.testng.reporters.JUnitReportReporter -->
<testsuite name="FirstMaven.FirstClassTest" tests="1" time="70.129" ignored="0" failures="0" timestamp="15 Aug 2017 12:25:51 GMT" skipped="0" hostname="Harsh-PC" errors="0">
  <testcase name="test" time="70.129" classname="FirstMaven.FirstClassTest"/>
</testsuite> <!-- FirstMaven.FirstClassTest -->
