<?xml version="1.0" encoding="UTF-8"?>
<!-- Generated by org.testng.reporters.JUnitReportReporter -->
<testsuite name="FirstMaven.secondClass" tests="5" time="0.017" ignored="0" failures="0" timestamp="26 Aug 2017 12:18:22 GMT" skipped="0" hostname="Harsh-PC" errors="0">
  <testcase name="helloworld15" time="0.002" classname="FirstMaven.secondClass"/>
  <testcase name="helloworld11" time="0.006" classname="FirstMaven.secondClass"/>
  <testcase name="helloworld12" time="0.002" classname="FirstMaven.secondClass"/>
  <testcase name="helloworld13" time="0.002" classname="FirstMaven.secondClass"/>
  <testcase name="helloworld14" time="0.005" classname="FirstMaven.secondClass"/>
</testsuite> <!-- FirstMaven.secondClass -->
