<?xml version="1.0" encoding="UTF-8"?>
<!-- Generated by org.testng.reporters.JUnitReportReporter -->
<testsuite name="FirstMaven.FirstClass" tests="10" time="0.080" ignored="0" failures="0" timestamp="26 Aug 2017 07:07:19 GMT" skipped="0" hostname="Harsh-PC" errors="0">
  <testcase name="helloworld50" time="0.002" classname="FirstMaven.FirstClass"/>
  <testcase name="helloworld3" time="0.002" classname="FirstMaven.FirstClass"/>
  <testcase name="helloworld40" time="0.002" classname="FirstMaven.FirstClass"/>
  <testcase name="helloworld2" time="0.015" classname="FirstMaven.FirstClass"/>
  <testcase name="helloworld30" time="0.027" classname="FirstMaven.FirstClass"/>
  <testcase name="helloworld5" time="0.004" classname="FirstMaven.FirstClass"/>
  <testcase name="helloworld10" time="0.002" classname="FirstMaven.FirstClass"/>
  <testcase name="helloworld20" time="0.001" classname="FirstMaven.FirstClass"/>
  <testcase name="helloworld4" time="0.002" classname="FirstMaven.FirstClass"/>
  <testcase name="helloworld1" time="0.023" classname="FirstMaven.FirstClass"/>
</testsuite> <!-- FirstMaven.FirstClass -->
