<?xml version="1.0" encoding="UTF-8"?>
<!-- Generated by org.testng.reporters.JUnitReportReporter -->
<testsuite name="MavenFirstlass" tests="1" time="0.050" ignored="0" failures="0" timestamp="15 Aug 2017 10:58:43 GMT" skipped="0" hostname="Harsh-PC" errors="0">
  <testcase name="helloworld" time="0.050" classname="MavenFirstlass"/>
</testsuite> <!-- MavenFirstlass -->
