<?xml version="1.0" encoding="UTF-8"?>
<!-- Generated by org.testng.reporters.JUnitReportReporter -->
<testsuite name="FirstMaven.FirstClass" tests="7" time="0.054" ignored="0" failures="0" timestamp="26 Aug 2017 12:18:22 GMT" skipped="0" hostname="Harsh-PC" errors="0">
  <testcase name="helloworld3" time="0.003" classname="FirstMaven.FirstClass"/>
  <testcase name="helloworld2" time="0.002" classname="FirstMaven.FirstClass"/>
  <testcase name="helloworld4" time="0.003" classname="FirstMaven.FirstClass"/>
  <testcase name="helloworld10" time="0.002" classname="FirstMaven.FirstClass"/>
  <testcase name="helloworld20" time="0.003" classname="FirstMaven.FirstClass"/>
  <testcase name="helloworld5" time="0.002" classname="FirstMaven.FirstClass"/>
  <testcase name="helloworld1" time="0.039" classname="FirstMaven.FirstClass"/>
</testsuite> <!-- FirstMaven.FirstClass -->
